C:\lscc\radiant\2023.1\synpbase\bin64\c_vhdl.exe  -osyn  Z:\ES4\ES4-fruit-salad-game\impl_1\rev_1\synwork\startscreenROM_hdl_.srs  -top  vga_controller  -prodtype  synplify_pro  -primux -fixsmult -infer_seqShift -sdff_counter -nram -divnmod -nostructver  -lattice -ice  -encrypt  -pro  -dmgen  Z:\ES4\ES4-fruit-salad-game\impl_1\rev_1\dm  -lite -ui -fid2 -ram -sharing on -ll 2000 -autosm  -vhdl2008 -work_is_curlib 0  -ignore_undefined_lib  -lib pmi C:\lscc\radiant\2023.1\ip\pmi\pmi_iCE40UP.vhd -lib work Z:\ES4\ES4-fruit-salad-game\source\impl_1\vga.vhd -lib work Z:\ES4\ES4-fruit-salad-game\source\impl_1\vga_controller.vhd -lib work Z:\ES4\ES4-fruit-salad-game\source\impl_1\fruit_rom.vhd -lib work Z:\ES4\ES4-fruit-salad-game\source\impl_1\nesclk_top.vhd -lib work Z:\ES4\ES4-fruit-salad-game\source\impl_1\pattern_gen.vhd -lib work Z:\ES4\ES4-fruit-salad-game\source\impl_1\shift8.vhd -lib work Z:\ES4\ES4-fruit-salad-game\source\impl_1\top.vhd -lib work Z:\ES4\ES4-fruit-salad-game\source\impl_1\update_color.vhd -lib work Z:\ES4\ES4-fruit-salad-game\source\impl_1\blueberryROM.vhd -lib work Z:\ES4\ES4-fruit-salad-game\source\impl_1\grapefruitROM.vhd -lib work Z:\ES4\ES4-fruit-salad-game\source\impl_1\cherryROM.vhd -lib work Z:\ES4\ES4-fruit-salad-game\source\impl_1\orangeROM.vhd -lib work Z:\ES4\ES4-fruit-salad-game\source\impl_1\watermelonROM.vhd -lib work Z:\ES4\ES4-fruit-salad-game\source\impl_1\startscreenROM.vhd  -log  Z:\ES4\ES4-fruit-salad-game\impl_1\rev_1\syntax.log  -fileorder  Z:\ES4\ES4-fruit-salad-game\impl_1\rev_1\syntmp\hdlorder.tcl  -jobname  "hdl_info_gen" 
relcom:C:\lscc\radiant\2023.1\synpbase\bin64\c_vhdl.exe -osyn ..\synwork\startscreenROM_hdl_.srs -top vga_controller -prodtype synplify_pro -primux -fixsmult -infer_seqShift -sdff_counter -nram -divnmod -nostructver -lattice -ice -encrypt -pro -dmgen ..\dm -lite -ui -fid2 -ram -sharing on -ll 2000 -autosm -vhdl2008 -work_is_curlib 0 -ignore_undefined_lib -lib pmi C:\lscc\radiant\2023.1\ip\pmi\pmi_iCE40UP.vhd -lib work ..\..\..\source\impl_1\vga.vhd -lib work ..\..\..\source\impl_1\vga_controller.vhd -lib work ..\..\..\source\impl_1\fruit_rom.vhd -lib work ..\..\..\source\impl_1\nesclk_top.vhd -lib work ..\..\..\source\impl_1\pattern_gen.vhd -lib work ..\..\..\source\impl_1\shift8.vhd -lib work ..\..\..\source\impl_1\top.vhd -lib work ..\..\..\source\impl_1\update_color.vhd -lib work ..\..\..\source\impl_1\blueberryROM.vhd -lib work ..\..\..\source\impl_1\grapefruitROM.vhd -lib work ..\..\..\source\impl_1\cherryROM.vhd -lib work ..\..\..\source\impl_1\orangeROM.vhd -lib work ..\..\..\source\impl_1\watermelonROM.vhd -lib work ..\..\..\source\impl_1\startscreenROM.vhd -log ..\syntax.log -fileorder hdlorder.tcl -jobname "hdl_info_gen"
rc:0 success:1 runtime:1
file:..\synwork\startscreenrom_hdl_.srs|io:o|time:0|size:-1|exec:0|csum:
file:c:\lscc\radiant\2023.1\ip\pmi\pmi_ice40up.vhd|io:i|time:1648538958|size:17231|exec:0|csum:B4484439D4F130E2494777ACC3084671
file:..\..\..\source\impl_1\vga.vhd|io:i|time:1733277912|size:1143|exec:0|csum:6F5EECEEF21B623CFF52E4A8C04D9E30
file:..\..\..\source\impl_1\vga_controller.vhd|io:i|time:1733363459|size:3068|exec:0|csum:464C202609248E2C0B01837CF3D20C85
file:..\..\..\source\impl_1\fruit_rom.vhd|io:i|time:1733277912|size:2382|exec:0|csum:CBE2DE6AD1B3DC44FA554428805B9F5C
file:..\..\..\source\impl_1\nesclk_top.vhd|io:i|time:1733363459|size:2484|exec:0|csum:584A001FAB8E7199A11AC474B20E8A8A
file:..\..\..\source\impl_1\pattern_gen.vhd|io:i|time:1733416725|size:12185|exec:0|csum:B9E686CA4F4B01DB9E6346150A1EBD5F
file:..\..\..\source\impl_1\shift8.vhd|io:i|time:1733363459|size:866|exec:0|csum:CFAA1455DE7520D8A1EEAE4CC1570317
file:..\..\..\source\impl_1\top.vhd|io:i|time:1733277912|size:1704|exec:0|csum:658C172E9B2E2938FEE2E35EE6F285C1
file:..\..\..\source\impl_1\update_color.vhd|io:i|time:1733277912|size:1006|exec:0|csum:CFB5EC202C81E99AD59A63797425B99C
file:..\..\..\source\impl_1\blueberryrom.vhd|io:i|time:1733277912|size:47164|exec:0|csum:1F4E3048183C0B98ECCAD1B5B0F43F99
file:..\..\..\source\impl_1\grapefruitrom.vhd|io:i|time:1733277912|size:46010|exec:0|csum:6FD90306BB4BFC2A2E3E55AA9684D8E1
file:..\..\..\source\impl_1\cherryrom.vhd|io:i|time:1733277912|size:46691|exec:0|csum:74E6BE86D88DF8FCA4336217F880EA4B
file:..\..\..\source\impl_1\orangerom.vhd|io:i|time:1733277912|size:47154|exec:0|csum:5E299C1B55DDE12389421B00FE5C1F39
file:..\..\..\source\impl_1\watermelonrom.vhd|io:i|time:1733277912|size:46526|exec:0|csum:C6C18601A42F7D4D9876C66406B08351
file:..\..\..\source\impl_1\startscreenrom.vhd|io:i|time:1733363459|size:497880|exec:0|csum:7CEC78D735B5885EB5F24D32E9246405
file:..\syntax.log|io:o|time:1733417013|size:3025|exec:0|csum:
file:c:\lscc\radiant\2023.1\synpbase\bin64\c_vhdl.exe|io:i|time:1685564424|size:7713280|exec:1|csum:CCBEADDCADA44EFDE103B3F3A3FCDB10
