###########################################################[

Copyright (C) 1994-2023 Synopsys, Inc.
This Synopsys software and all associated documentation are proprietary to Synopsys, Inc.
and may only be used pursuant to the terms and conditions of a written license agreement
with Synopsys, Inc. All other use, reproduction, modification, or distribution of the
Synopsys software or the associated documentation is strictly prohibited.
Tool: Synplify Pro (R)
Build: U-2023.03LR-1
Install: C:\lscc\radiant\2023.1\synpbase
OS: Windows 10 or later
Hostname: LAB223J

Implementation : rev_1
Synopsys VHDL Compiler, Version comp202303synp1, Build 100R, Built May 29 2023 11:23:06, @

@N|Running in 64-bit mode
@N:"Z:\ES4\ES4-fruit-salad-game\source\impl_1\vga_controller.vhd":6:7:6:20|Top entity is set to vga_controller.
@N: CD140 :	| Using the VHDL 2008 Standard for file 'C:/lscc/radiant/2023.1/ip/pmi/pmi_iCE40UP.vhd'.
@N: CD140 :	| Using the VHDL 2008 Standard for file 'Z:/ES4/ES4-fruit-salad-game/source/impl_1/vga.vhd'.
@N: CD140 :	| Using the VHDL 2008 Standard for file 'Z:/ES4/ES4-fruit-salad-game/source/impl_1/shift8.vhd'.
@N: CD140 :	| Using the VHDL 2008 Standard for file 'Z:/ES4/ES4-fruit-salad-game/source/impl_1/top.vhd'.
@W: CD433 :"Z:/ES4/ES4-fruit-salad-game/source/impl_1/top.vhd":54:9:54:9|No design units in file
@N: CD140 :	| Using the VHDL 2008 Standard for file 'Z:/ES4/ES4-fruit-salad-game/source/impl_1/update_color.vhd'.
@W: CD433 :"Z:/ES4/ES4-fruit-salad-game/source/impl_1/update_color.vhd":41:7:41:7|No design units in file
@N: CD140 :	| Using the VHDL 2008 Standard for file 'Z:/ES4/ES4-fruit-salad-game/source/impl_1/blueberryROM.vhd'.
@N: CD140 :	| Using the VHDL 2008 Standard for file 'Z:/ES4/ES4-fruit-salad-game/source/impl_1/grapefruitROM.vhd'.
@N: CD140 :	| Using the VHDL 2008 Standard for file 'Z:/ES4/ES4-fruit-salad-game/source/impl_1/cherryROM.vhd'.
@N: CD140 :	| Using the VHDL 2008 Standard for file 'Z:/ES4/ES4-fruit-salad-game/source/impl_1/orangeROM.vhd'.
@N: CD140 :	| Using the VHDL 2008 Standard for file 'Z:/ES4/ES4-fruit-salad-game/source/impl_1/watermelonROM.vhd'.
@N: CD140 :	| Using the VHDL 2008 Standard for file 'Z:/ES4/ES4-fruit-salad-game/source/impl_1/startscreenROM.vhd'.
@N: CD140 :	| Using the VHDL 2008 Standard for file 'Z:/ES4/ES4-fruit-salad-game/source/impl_1/fruit_rom.vhd'.
@N: CD140 :	| Using the VHDL 2008 Standard for file 'Z:/ES4/ES4-fruit-salad-game/source/impl_1/nesclk_top.vhd'.
@N: CD140 :	| Using the VHDL 2008 Standard for file 'Z:/ES4/ES4-fruit-salad-game/source/impl_1/pattern_gen.vhd'.
@N: CD140 :	| Using the VHDL 2008 Standard for file 'Z:/ES4/ES4-fruit-salad-game/source/impl_1/vga_controller.vhd'.

At c_vhdl Exit (Real Time elapsed 0h:00m:00s; CPU Time elapsed 0h:00m:00s; Memory used current: 94MB peak: 95MB)

Process took 0h:00m:01s realtime, 0h:00m:01s cputime

Process completed successfully.
# Thu Dec  5 11:43:33 2024

###########################################################]
