C:\lscc\radiant\2023.1\synpbase\bin64\c_hdl.exe  -osyn  Z:\ES4\ES4-fruit-salad-game\impl_1\synwork\fruitSalad_impl_1_comp.srs  -top  vga_controller  -hdllog  Z:\ES4\ES4-fruit-salad-game\impl_1\synlog\fruitSalad_impl_1_compiler.srr  -encrypt  -mp  4  -verification_mode 0  -vhdl  -prodtype  synplify_pro  -primux -fixsmult -infer_seqShift -sdff_counter -nram -divnmod -nostructver  -lattice -ice  -encrypt  -pro  -dmgen  Z:\ES4\ES4-fruit-salad-game\impl_1\dm  -lite -ui -fid2 -ram -sharing on -ll 2000 -autosm  -vhdl2008 -work_is_curlib 0  -ignore_undefined_lib  -lib pmi C:\lscc\radiant\2023.1\ip\pmi\pmi_iCE40UP.vhd -lib work Z:\ES4\ES4-fruit-salad-game\source\impl_1\vga.vhd -lib work Z:\ES4\ES4-fruit-salad-game\source\impl_1\shift8.vhd -lib work Z:\ES4\ES4-fruit-salad-game\source\impl_1\top.vhd -lib work Z:\ES4\ES4-fruit-salad-game\source\impl_1\update_color.vhd -lib work Z:\ES4\ES4-fruit-salad-game\source\impl_1\blueberryROM.vhd -lib work Z:\ES4\ES4-fruit-salad-game\source\impl_1\grapefruitROM.vhd -lib work Z:\ES4\ES4-fruit-salad-game\source\impl_1\cherryROM.vhd -lib work Z:\ES4\ES4-fruit-salad-game\source\impl_1\orangeROM.vhd -lib work Z:\ES4\ES4-fruit-salad-game\source\impl_1\watermelonROM.vhd -lib work Z:\ES4\ES4-fruit-salad-game\source\impl_1\startscreenROM.vhd -lib work Z:\ES4\ES4-fruit-salad-game\source\impl_1\fruit_rom.vhd -lib work Z:\ES4\ES4-fruit-salad-game\source\impl_1\nesclk_top.vhd -lib work Z:\ES4\ES4-fruit-salad-game\source\impl_1\pattern_gen.vhd -lib work Z:\ES4\ES4-fruit-salad-game\source\impl_1\vga_controller.vhd  -verilog  -prodtype  synplify_pro  -primux -fixsmult -infer_seqShift -sdff_counter -nram -divnmod -nostructver  -lattice -ice   -I Z:\ES4\ES4-fruit-salad-game  -I Z:\ES4\ES4-fruit-salad-game\mypll  -I Z:\ES4\ES4-fruit-salad-game\impl_1\  -I C:\lscc\radiant\2023.1\synpbase\lib   -v2001  -devicelib  C:\lscc\radiant\2023.1\synpbase\lib\generic\ice40up.v  -encrypt  -pro  -dmgen  Z:\ES4\ES4-fruit-salad-game\impl_1\dm  -ui -fid2 -ram -sharing on -ll 2000 -autosm  -D_MULTIPLE_FILE_COMPILATION_UNIT_  -lib work C:\lscc\radiant\2023.1\ip\pmi\pmi_iCE40UP.v -lib work -fv2001 Z:\ES4\ES4-fruit-salad-game\mypll\rtl\mypll.v  -jobname  "compiler" 
relcom:C:\lscc\radiant\2023.1\synpbase\bin64\c_hdl.exe -osyn ..\synwork\fruitSalad_impl_1_comp.srs -top vga_controller -hdllog ..\synlog\fruitSalad_impl_1_compiler.srr -encrypt -mp 4 -verification_mode 0 -vhdl -prodtype synplify_pro -primux -fixsmult -infer_seqShift -sdff_counter -nram -divnmod -nostructver -lattice -ice -encrypt -pro -dmgen ..\dm -lite -ui -fid2 -ram -sharing on -ll 2000 -autosm -vhdl2008 -work_is_curlib 0 -ignore_undefined_lib -lib pmi C:\lscc\radiant\2023.1\ip\pmi\pmi_iCE40UP.vhd -lib work ..\..\source\impl_1\vga.vhd -lib work ..\..\source\impl_1\shift8.vhd -lib work ..\..\source\impl_1\top.vhd -lib work ..\..\source\impl_1\update_color.vhd -lib work ..\..\source\impl_1\blueberryROM.vhd -lib work ..\..\source\impl_1\grapefruitROM.vhd -lib work ..\..\source\impl_1\cherryROM.vhd -lib work ..\..\source\impl_1\orangeROM.vhd -lib work ..\..\source\impl_1\watermelonROM.vhd -lib work ..\..\source\impl_1\startscreenROM.vhd -lib work ..\..\source\impl_1\fruit_rom.vhd -lib work ..\..\source\impl_1\nesclk_top.vhd -lib work ..\..\source\impl_1\pattern_gen.vhd -lib work ..\..\source\impl_1\vga_controller.vhd -verilog -prodtype synplify_pro -primux -fixsmult -infer_seqShift -sdff_counter -nram -divnmod -nostructver -lattice -ice -I ..\..\..\ES4-fruit-salad-game -I ..\..\mypll -I ..\ -I C:\lscc\radiant\2023.1\synpbase\lib -v2001 -devicelib C:\lscc\radiant\2023.1\synpbase\lib\generic\ice40up.v -encrypt -pro -dmgen ..\dm -ui -fid2 -ram -sharing on -ll 2000 -autosm -D_MULTIPLE_FILE_COMPILATION_UNIT_ -lib work C:\lscc\radiant\2023.1\ip\pmi\pmi_iCE40UP.v -lib work -fv2001 ..\..\mypll\rtl\mypll.v -jobname "compiler"
rc:0 success:1 runtime:7
file:..\synwork\fruitsalad_impl_1_comp.srs|io:o|time:1733417020|size:37500|exec:0|csum:
file:..\synlog\fruitsalad_impl_1_compiler.srr|io:o|time:1733417020|size:39092|exec:0|csum:
file:c:\lscc\radiant\2023.1\ip\pmi\pmi_ice40up.vhd|io:i|time:1648538958|size:17231|exec:0|csum:B4484439D4F130E2494777ACC3084671
file:..\..\source\impl_1\vga.vhd|io:i|time:1733277912|size:1143|exec:0|csum:6F5EECEEF21B623CFF52E4A8C04D9E30
file:..\..\source\impl_1\shift8.vhd|io:i|time:1733363459|size:866|exec:0|csum:CFAA1455DE7520D8A1EEAE4CC1570317
file:..\..\source\impl_1\top.vhd|io:i|time:1733277912|size:1704|exec:0|csum:658C172E9B2E2938FEE2E35EE6F285C1
file:..\..\source\impl_1\update_color.vhd|io:i|time:1733277912|size:1006|exec:0|csum:CFB5EC202C81E99AD59A63797425B99C
file:..\..\source\impl_1\blueberryrom.vhd|io:i|time:1733277912|size:47164|exec:0|csum:1F4E3048183C0B98ECCAD1B5B0F43F99
file:..\..\source\impl_1\grapefruitrom.vhd|io:i|time:1733277912|size:46010|exec:0|csum:6FD90306BB4BFC2A2E3E55AA9684D8E1
file:..\..\source\impl_1\cherryrom.vhd|io:i|time:1733277912|size:46691|exec:0|csum:74E6BE86D88DF8FCA4336217F880EA4B
file:..\..\source\impl_1\orangerom.vhd|io:i|time:1733277912|size:47154|exec:0|csum:5E299C1B55DDE12389421B00FE5C1F39
file:..\..\source\impl_1\watermelonrom.vhd|io:i|time:1733277912|size:46526|exec:0|csum:C6C18601A42F7D4D9876C66406B08351
file:..\..\source\impl_1\startscreenrom.vhd|io:i|time:1733363459|size:497880|exec:0|csum:7CEC78D735B5885EB5F24D32E9246405
file:..\..\source\impl_1\fruit_rom.vhd|io:i|time:1733277912|size:2382|exec:0|csum:CBE2DE6AD1B3DC44FA554428805B9F5C
file:..\..\source\impl_1\nesclk_top.vhd|io:i|time:1733363459|size:2484|exec:0|csum:584A001FAB8E7199A11AC474B20E8A8A
file:..\..\source\impl_1\pattern_gen.vhd|io:i|time:1733416725|size:12185|exec:0|csum:B9E686CA4F4B01DB9E6346150A1EBD5F
file:..\..\source\impl_1\vga_controller.vhd|io:i|time:1733363459|size:3068|exec:0|csum:464C202609248E2C0B01837CF3D20C85
file:c:\lscc\radiant\2023.1\synpbase\lib\generic\ice40up.v|io:i|time:1685564443|size:26462|exec:0|csum:72B2E46EE2EB03A1019CFFB44E4E2628
file:c:\lscc\radiant\2023.1\ip\pmi\pmi_ice40up.v|io:i|time:1537835135|size:413|exec:0|csum:B58F1C803B5DCA172B31258BA35093C2
file:.\-fv2001|io:i|time:0|size:-1|exec:0|csum:
file:..\..\mypll\rtl\mypll.v|io:i|time:1733363459|size:9529|exec:0|csum:4CFB1039280577D47007CE4E7DF2F6A3
file:c:\lscc\radiant\2023.1\synpbase\bin64\c_hdl.exe|io:i|time:1685564425|size:7462400|exec:1|csum:8F99C9C5CFFCEDD3FCE66A8A74236AA9
