
"C:/lscc/radiant/2023.1/tcltk/windows/bin/tclsh" "fruitSalad_impl_1_synthesize.tcl"

cpe -f fruitSalad_impl_1.cprj mypll.cprj -a iCE40UP -o fruitSalad_impl_1_cpe.ldc
WARNING <35831026> - No user LDC/SDC file specified in the project.
WARNING <35935050> - input port TRIM9 is not connected on this instance. VDB-5050
WARNING <35935050> - input port TRIM8 is not connected on this instance. VDB-5050
WARNING <35935050> - input port TRIM7 is not connected on this instance. VDB-5050
WARNING <35935050> - input port TRIM6 is not connected on this instance. VDB-5050
WARNING <35935050> - input port TRIM5 is not connected on this instance. VDB-5050
WARNING <35935050> - input port TRIM4 is not connected on this instance. VDB-5050
WARNING <35935050> - input port TRIM3 is not connected on this instance. VDB-5050
WARNING <35935050> - input port TRIM2 is not connected on this instance. VDB-5050
WARNING <35935050> - input port TRIM1 is not connected on this instance. VDB-5050
WARNING <35935050> - input port TRIM0 is not connected on this instance. VDB-5050
WARNING <35935050> - input port I is not connected on this instance. VDB-5050
Top module name (Verilog): mypll
INFO <35901018> - Z:/Es4/fruit-salad-game/ES4-fruit-salad-game/mypll/rtl/mypll.v(11): compiling module mypll. VERI-1018
INFO <35901018> - Z:/Es4/fruit-salad-game/ES4-fruit-salad-game/mypll/rtl/mypll.v(105): compiling module mypll_ipgen_lscc_pll(DIVR=&quot;0&quot;,DIVF=&quot;66&quot;,DIVQ=&quot;5&quot;,FILTER_RANGE=&quot;1&quot;,PLLOUT_SELECT_PORTA=&quot;GENCLK&quot;,PLLOUT_SELECT_PORTB=&quot;GENCLK&quot;,FREQUENCY_PIN_REFERENCECLK=&quot;12.000000&quot;). VERI-1018
INFO <35901018> - C:/lscc/radiant/2023.1/ispfpga/../cae_library/synthesis/verilog/iCE40UP.v(428): compiling module PLL_B(PLLOUT_SELECT_PORTA=&quot;GENCLK&quot;,PLLOUT_SELECT_PORTB=&quot;GENCLK&quot;,DIVF=&quot;66&quot;,DIVQ=&quot;5&quot;,FILTER_RANGE=&quot;1&quot;,FREQUENCY_PIN_REFERENCECLK=&quot;12.000000&quot;). VERI-1018
WARNING <35935049> - input port sclk_i remains unconnected for this instance. VDB-5049
WARNING <35935049> - input port sdi_i remains unconnected for this instance. VDB-5049
Last elaborated design is mypll()
Source compile complete.
INFO <35831038> - Setting vga_controller as top module.
WARNING <35831026> - No user LDC/SDC file specified in the project.
WARNING <35935050> - input port TRIM9 is not connected on this instance. VDB-5050
WARNING <35935050> - input port TRIM8 is not connected on this instance. VDB-5050
WARNING <35935050> - input port TRIM7 is not connected on this instance. VDB-5050
WARNING <35935050> - input port TRIM6 is not connected on this instance. VDB-5050
WARNING <35935050> - input port TRIM5 is not connected on this instance. VDB-5050
WARNING <35935050> - input port TRIM4 is not connected on this instance. VDB-5050
WARNING <35935050> - input port TRIM3 is not connected on this instance. VDB-5050
WARNING <35935050> - input port TRIM2 is not connected on this instance. VDB-5050
WARNING <35935050> - input port TRIM1 is not connected on this instance. VDB-5050
WARNING <35935050> - input port TRIM0 is not connected on this instance. VDB-5050
WARNING <35935050> - input port I is not connected on this instance. VDB-5050
Analyzing Verilog file c:/lscc/radiant/2023.1/ip/pmi/pmi_ice40up.v. VERI-1482
Analyzing Verilog file mypll.v. VERI-1482
Top module language type = VHDL.
INFO <35901018> - mypll.v(63): compiling module mypll. VERI-1018
INFO <35901018> - C:/lscc/radiant/2023.1/ispfpga/../cae_library/synthesis/verilog/iCE40UP.v(756): compiling module HSOSC. VERI-1018
Top module name (VHDL, mixed language): vga_controller
Source compile complete.
Starting IP constraint check for mypll.
Writing output files.
CPE Completed. fruitSalad_impl_1_cpe.ldc and CPEReport.txt produced.


synthesis -f fruitSalad_impl_1_lattice.synproj
synthesis:  version Radiant Software (64-bit) 2023.1.0.43.3

Copyright (c) 1991-1994 by NeoCAD Inc. All rights reserved.
Copyright (c) 1995 AT&T Corp.   All rights reserved.
Copyright (c) 1995-2001 Lucent Technologies Inc.  All rights reserved.
Copyright (c) 2001 Agere Systems   All rights reserved.
Copyright (c) 2002-2023 Lattice Semiconductor Corporation,  All rights reserved.
Wed Dec  4 16:05:56 2024


Command Line:  C:\lscc\radiant\2023.1\ispfpga\bin\nt64\synthesis.exe -f fruitSalad_impl_1_lattice.synproj -gui -msgset Z:/Es4/fruit-salad-game/ES4-fruit-salad-game/promote.xml 

INFO <35002000> - synthesis: Lattice Synthesis Engine Launched.
Synthesis options:
The -a option is iCE40UP.
The -t option is SG48.
The -sp option is High-Performance_1.2V.
The -p option is iCE40UP5K.
                                                          


##########################################################


### Lattice Family     : iCE40UP


### Device             : iCE40UP5K


### Package            : SG48


### Performance Grade  : High-Performance_1.2V


                                                         


INFO <35001786> - User-Selected Strategy Settings
Optimization goal = Area
Top-level module name = vga_controller.
Target frequency = 200.000000 MHz.
Maximum fanout = 1000.
Timing path count = 3 (default)
RWCheckOnRam = 0

BRAM utilization = 100.000000 %
DSP usage = true
DSP utilization = 100.000000 %
fsm_encoding_style = auto
resolve_mixed_drivers = 0
fix_gated_clocks = 1


Mux style = auto (Default)
Use Carry Chain = true
carry_chain_length = 0
Loop Limit = 1950.
Use IO Insertion = TRUE
Use IO Reg = AUTO

Resource Sharing = TRUE
Propagate Constants = TRUE
Remove Duplicate Registers = TRUE
Output HDL file name = fruitSalad_impl_1.vm.
ROM style = auto
RAM style = auto
The -comp option is FALSE.
The -syn option is FALSE.
-sdc option: SDC file input is fruitSalad_impl_1_cpe.ldc.
-vh2008

-path C:/lscc/radiant/2023.1/ispfpga/ice40tp/data (searchpath added)
-path Z:/Es4/fruit-salad-game/ES4-fruit-salad-game (searchpath added)
-path Z:/Es4/fruit-salad-game/ES4-fruit-salad-game/impl_1 (searchpath added)
-path Z:/Es4/fruit-salad-game/ES4-fruit-salad-game/mypll (searchpath added)
Mixed language design
Verilog design file = C:/lscc/radiant/2023.1/ip/pmi/pmi_iCE40UP.v
Verilog design file = Z:/Es4/fruit-salad-game/ES4-fruit-salad-game/mypll/rtl/mypll.v
VHDL library = pmi
VHDL design file = C:/lscc/radiant/2023.1/ip/pmi/pmi_iCE40UP.vhd
VHDL library = work
VHDL design file = Z:/Es4/fruit-salad-game/ES4-fruit-salad-game/source/impl_1/vga.vhd
VHDL library = work
VHDL design file = Z:/Es4/fruit-salad-game/ES4-fruit-salad-game/source/impl_1/vga_controller.vhd
VHDL library = work
VHDL design file = Z:/Es4/fruit-salad-game/ES4-fruit-salad-game/source/impl_1/fruit_rom.vhd
VHDL library = work
VHDL design file = Z:/Es4/fruit-salad-game/ES4-fruit-salad-game/source/impl_1/nesclk_top.vhd
VHDL library = work
VHDL design file = Z:/Es4/fruit-salad-game/ES4-fruit-salad-game/source/impl_1/pattern_gen.vhd
VHDL library = work
VHDL design file = Z:/Es4/fruit-salad-game/ES4-fruit-salad-game/source/impl_1/shift8.vhd
VHDL library = work
VHDL design file = Z:/Es4/fruit-salad-game/ES4-fruit-salad-game/source/impl_1/top.vhd
VHDL library = work
VHDL design file = Z:/Es4/fruit-salad-game/ES4-fruit-salad-game/source/impl_1/update_color.vhd
VHDL library = work
VHDL design file = Z:/Es4/fruit-salad-game/ES4-fruit-salad-game/source/impl_1/blueberryROM.vhd
VHDL library = work
VHDL design file = Z:/Es4/fruit-salad-game/ES4-fruit-salad-game/source/impl_1/grapefruitROM.vhd
VHDL library = work
VHDL design file = Z:/Es4/fruit-salad-game/ES4-fruit-salad-game/source/impl_1/cherryROM.vhd
VHDL library = work
VHDL design file = Z:/Es4/fruit-salad-game/ES4-fruit-salad-game/source/impl_1/orangeROM.vhd
VHDL library = work
VHDL design file = Z:/Es4/fruit-salad-game/ES4-fruit-salad-game/source/impl_1/watermelonROM.vhd
VHDL library = work
VHDL design file = Z:/Es4/fruit-salad-game/ES4-fruit-salad-game/source/impl_1/startscreenROM.vhd
The -r option is OFF. [ Remove LOC Properties is OFF. ]
WARNING <35935050> - input port TRIM9 is not connected on this instance. VDB-5050
WARNING <35935050> - input port TRIM8 is not connected on this instance. VDB-5050
WARNING <35935050> - input port TRIM7 is not connected on this instance. VDB-5050
WARNING <35935050> - input port TRIM6 is not connected on this instance. VDB-5050
WARNING <35935050> - input port TRIM5 is not connected on this instance. VDB-5050
WARNING <35935050> - input port TRIM4 is not connected on this instance. VDB-5050
WARNING <35935050> - input port TRIM3 is not connected on this instance. VDB-5050
WARNING <35935050> - input port TRIM2 is not connected on this instance. VDB-5050
WARNING <35935050> - input port TRIM1 is not connected on this instance. VDB-5050
WARNING <35935050> - input port TRIM0 is not connected on this instance. VDB-5050
WARNING <35935050> - input port I is not connected on this instance. VDB-5050
Compile design.
Compile Design Begin
Analyzing Verilog file c:/lscc/radiant/2023.1/ip/pmi/pmi_ice40up.v. VERI-1482
c:/lscc/radiant/2023.1/ip/pmi/pmi_ice40up.v(1): analyzing included file c:/lscc/radiant/2023.1/ip/pmi/pmi_addsub.v. VERI-1328
c:/lscc/radiant/2023.1/ip/pmi/pmi_addsub.v(40): analyzing included file c:/lscc/radiant/2023.1/ip/pmi/../common/adder_subtractor/rtl/lscc_add_sub.v. VERI-1328
c:/lscc/radiant/2023.1/ip/pmi/pmi_ice40up.v(2): analyzing included file c:/lscc/radiant/2023.1/ip/pmi/pmi_add.v. VERI-1328
c:/lscc/radiant/2023.1/ip/pmi/pmi_add.v(50): analyzing included file c:/lscc/radiant/2023.1/ip/pmi/../common/adder/rtl/lscc_adder.v. VERI-1328
c:/lscc/radiant/2023.1/ip/pmi/pmi_ice40up.v(3): analyzing included file c:/lscc/radiant/2023.1/ip/pmi/pmi_complex_mult.v. VERI-1328
c:/lscc/radiant/2023.1/ip/pmi/pmi_complex_mult.v(52): analyzing included file c:/lscc/radiant/2023.1/ip/pmi/../common/complex_mult/rtl/lscc_complex_mult.v. VERI-1328
c:/lscc/radiant/2023.1/ip/pmi/pmi_ice40up.v(4): analyzing included file c:/lscc/radiant/2023.1/ip/pmi/pmi_counter.v. VERI-1328
c:/lscc/radiant/2023.1/ip/pmi/pmi_counter.v(39): analyzing included file c:/lscc/radiant/2023.1/ip/pmi/../common/counter/rtl/lscc_cntr.v. VERI-1328
c:/lscc/radiant/2023.1/ip/pmi/pmi_ice40up.v(5): analyzing included file c:/lscc/radiant/2023.1/ip/pmi/pmi_fifo.v. VERI-1328
c:/lscc/radiant/2023.1/ip/pmi/pmi_fifo.v(44): analyzing included file c:/lscc/radiant/2023.1/ip/pmi/../avant/fifo/rtl/lscc_fifo.v. VERI-1328
c:/lscc/radiant/2023.1/ip/pmi/pmi_ice40up.v(6): analyzing included file c:/lscc/radiant/2023.1/ip/pmi/pmi_fifo_dc.v. VERI-1328
c:/lscc/radiant/2023.1/ip/pmi/pmi_fifo_dc.v(47): analyzing included file c:/lscc/radiant/2023.1/ip/pmi/../avant/fifo_dc/rtl/lscc_fifo_dc.v. VERI-1328
c:/lscc/radiant/2023.1/ip/pmi/pmi_ice40up.v(7): analyzing included file c:/lscc/radiant/2023.1/ip/pmi/pmi_mac.v. VERI-1328
c:/lscc/radiant/2023.1/ip/pmi/pmi_mac.v(52): analyzing included file c:/lscc/radiant/2023.1/ip/pmi/../common/mult_accumulate/rtl/lscc_mult_accumulate.v. VERI-1328
c:/lscc/radiant/2023.1/ip/pmi/pmi_ice40up.v(8): analyzing included file c:/lscc/radiant/2023.1/ip/pmi/pmi_multaddsubsum.v. VERI-1328
c:/lscc/radiant/2023.1/ip/pmi/pmi_multaddsubsum.v(53): analyzing included file c:/lscc/radiant/2023.1/ip/pmi/../common/mult_add_sub_sum/rtl/lscc_mult_add_sub_sum.v. VERI-1328
c:/lscc/radiant/2023.1/ip/pmi/pmi_ice40up.v(9): analyzing included file c:/lscc/radiant/2023.1/ip/pmi/pmi_multaddsub.v. VERI-1328
c:/lscc/radiant/2023.1/ip/pmi/pmi_multaddsub.v(52): analyzing included file c:/lscc/radiant/2023.1/ip/pmi/../common/mult_add_sub/rtl/lscc_mult_add_sub.v. VERI-1328
c:/lscc/radiant/2023.1/ip/pmi/pmi_ice40up.v(10): analyzing included file c:/lscc/radiant/2023.1/ip/pmi/pmi_mult.v. VERI-1328
c:/lscc/radiant/2023.1/ip/pmi/pmi_mult.v(51): analyzing included file c:/lscc/radiant/2023.1/ip/pmi/../common/multiplier/rtl/lscc_multiplier.v. VERI-1328
c:/lscc/radiant/2023.1/ip/pmi/pmi_ice40up.v(11): analyzing included file c:/lscc/radiant/2023.1/ip/pmi/pmi_ram_dp.v. VERI-1328
c:/lscc/radiant/2023.1/ip/pmi/pmi_ram_dp.v(48): analyzing included file c:/lscc/radiant/2023.1/ip/pmi/../avant/ram_dp/rtl/lscc_ram_dp.v. VERI-1328
c:/lscc/radiant/2023.1/ip/pmi/pmi_ice40up.v(12): analyzing included file c:/lscc/radiant/2023.1/ip/pmi/pmi_ram_dq.v. VERI-1328
c:/lscc/radiant/2023.1/ip/pmi/pmi_ram_dq.v(45): analyzing included file c:/lscc/radiant/2023.1/ip/pmi/../avant/ram_dq/rtl/lscc_ram_dq.v. VERI-1328
c:/lscc/radiant/2023.1/ip/pmi/pmi_ice40up.v(13): analyzing included file c:/lscc/radiant/2023.1/ip/pmi/pmi_rom.v. VERI-1328
c:/lscc/radiant/2023.1/ip/pmi/pmi_rom.v(45): analyzing included file c:/lscc/radiant/2023.1/ip/pmi/../avant/rom/rtl/lscc_rom.v. VERI-1328
c:/lscc/radiant/2023.1/ip/pmi/pmi_ice40up.v(14): analyzing included file c:/lscc/radiant/2023.1/ip/pmi/pmi_sub.v. VERI-1328
c:/lscc/radiant/2023.1/ip/pmi/pmi_sub.v(50): analyzing included file c:/lscc/radiant/2023.1/ip/pmi/../common/subtractor/rtl/lscc_subtractor.v. VERI-1328
c:/lscc/radiant/2023.1/ip/pmi/pmi_ice40up.v(15): analyzing included file c:/lscc/radiant/2023.1/ip/pmi/pmi_ram_dp_be.v. VERI-1328
c:/lscc/radiant/2023.1/ip/pmi/pmi_ram_dp_be.v(49): analyzing included file c:/lscc/radiant/2023.1/ip/pmi/../avant/ram_dp/rtl/lscc_ram_dp.v. VERI-1328
c:/lscc/radiant/2023.1/ip/pmi/pmi_ice40up.v(16): analyzing included file c:/lscc/radiant/2023.1/ip/pmi/pmi_ram_dq_be.v. VERI-1328
c:/lscc/radiant/2023.1/ip/pmi/pmi_ram_dq_be.v(45): analyzing included file c:/lscc/radiant/2023.1/ip/pmi/../avant/ram_dq/rtl/lscc_ram_dq.v. VERI-1328
c:/lscc/radiant/2023.1/ip/pmi/pmi_ice40up.v(17): analyzing included file c:/lscc/radiant/2023.1/ip/pmi/pmi_dsp.v. VERI-1328
Analyzing Verilog file z:/es4/fruit-salad-game/es4-fruit-salad-game/mypll/rtl/mypll.v. VERI-1482
Analyzing VHDL file c:/lscc/radiant/2023.1/ip/pmi/pmi_ice40up.vhd. VHDL-1481
Analyzing VHDL file c:/lscc/radiant/2023.1/ip/pmi/pmi_ice40up.vhd

INFO <35921014> - c:/lscc/radiant/2023.1/ip/pmi/pmi_ice40up.vhd(4): analyzing package components. VHDL-1014
Analyzing VHDL file z:/es4/fruit-salad-game/es4-fruit-salad-game/source/impl_1/vga.vhd. VHDL-1481
Analyzing VHDL file z:/es4/fruit-salad-game/es4-fruit-salad-game/source/impl_1/vga.vhd

INFO <35921012> - z:/es4/fruit-salad-game/es4-fruit-salad-game/source/impl_1/vga.vhd(5): analyzing entity vga. VHDL-1012
INFO <35921010> - z:/es4/fruit-salad-game/es4-fruit-salad-game/source/impl_1/vga.vhd(17): analyzing architecture synth. VHDL-1010
Analyzing VHDL file z:/es4/fruit-salad-game/es4-fruit-salad-game/source/impl_1/vga_controller.vhd. VHDL-1481
Analyzing VHDL file z:/es4/fruit-salad-game/es4-fruit-salad-game/source/impl_1/vga_controller.vhd

INFO <35921012> - z:/es4/fruit-salad-game/es4-fruit-salad-game/source/impl_1/vga_controller.vhd(6): analyzing entity vga_controller. VHDL-1012
INFO <35921010> - z:/es4/fruit-salad-game/es4-fruit-salad-game/source/impl_1/vga_controller.vhd(23): analyzing architecture synth. VHDL-1010
Analyzing VHDL file z:/es4/fruit-salad-game/es4-fruit-salad-game/source/impl_1/fruit_rom.vhd. VHDL-1481
Analyzing VHDL file z:/es4/fruit-salad-game/es4-fruit-salad-game/source/impl_1/fruit_rom.vhd

INFO <35921012> - z:/es4/fruit-salad-game/es4-fruit-salad-game/source/impl_1/fruit_rom.vhd(5): analyzing entity fruitrom. VHDL-1012
INFO <35921010> - z:/es4/fruit-salad-game/es4-fruit-salad-game/source/impl_1/fruit_rom.vhd(15): analyzing architecture synth. VHDL-1010
Analyzing VHDL file z:/es4/fruit-salad-game/es4-fruit-salad-game/source/impl_1/nesclk_top.vhd. VHDL-1481
Analyzing VHDL file z:/es4/fruit-salad-game/es4-fruit-salad-game/source/impl_1/nesclk_top.vhd

INFO <35921012> - z:/es4/fruit-salad-game/es4-fruit-salad-game/source/impl_1/nesclk_top.vhd(6): analyzing entity nesclk_top. VHDL-1012
INFO <35921010> - z:/es4/fruit-salad-game/es4-fruit-salad-game/source/impl_1/nesclk_top.vhd(17): analyzing architecture synth. VHDL-1010
Analyzing VHDL file z:/es4/fruit-salad-game/es4-fruit-salad-game/source/impl_1/pattern_gen.vhd. VHDL-1481
Analyzing VHDL file z:/es4/fruit-salad-game/es4-fruit-salad-game/source/impl_1/pattern_gen.vhd

INFO <35921012> - z:/es4/fruit-salad-game/es4-fruit-salad-game/source/impl_1/pattern_gen.vhd(6): analyzing entity pattern_gen. VHDL-1012
INFO <35921010> - z:/es4/fruit-salad-game/es4-fruit-salad-game/source/impl_1/pattern_gen.vhd(19): analyzing architecture synth. VHDL-1010
Analyzing VHDL file z:/es4/fruit-salad-game/es4-fruit-salad-game/source/impl_1/shift8.vhd. VHDL-1481
Analyzing VHDL file z:/es4/fruit-salad-game/es4-fruit-salad-game/source/impl_1/shift8.vhd

INFO <35921012> - z:/es4/fruit-salad-game/es4-fruit-salad-game/source/impl_1/shift8.vhd(4): analyzing entity shift8. VHDL-1012
INFO <35921010> - z:/es4/fruit-salad-game/es4-fruit-salad-game/source/impl_1/shift8.vhd(12): analyzing architecture synth. VHDL-1010
Analyzing VHDL file z:/es4/fruit-salad-game/es4-fruit-salad-game/source/impl_1/top.vhd. VHDL-1481
Analyzing VHDL file z:/es4/fruit-salad-game/es4-fruit-salad-game/source/impl_1/top.vhd

Analyzing VHDL file z:/es4/fruit-salad-game/es4-fruit-salad-game/source/impl_1/update_color.vhd. VHDL-1481
Analyzing VHDL file z:/es4/fruit-salad-game/es4-fruit-salad-game/source/impl_1/update_color.vhd

Analyzing VHDL file z:/es4/fruit-salad-game/es4-fruit-salad-game/source/impl_1/blueberryrom.vhd. VHDL-1481
Analyzing VHDL file z:/es4/fruit-salad-game/es4-fruit-salad-game/source/impl_1/blueberryrom.vhd

INFO <35921012> - z:/es4/fruit-salad-game/es4-fruit-salad-game/source/impl_1/blueberryrom.vhd(5): analyzing entity blueberryrom. VHDL-1012
INFO <35921010> - z:/es4/fruit-salad-game/es4-fruit-salad-game/source/impl_1/blueberryrom.vhd(14): analyzing architecture synth. VHDL-1010
Analyzing VHDL file z:/es4/fruit-salad-game/es4-fruit-salad-game/source/impl_1/grapefruitrom.vhd. VHDL-1481
Analyzing VHDL file z:/es4/fruit-salad-game/es4-fruit-salad-game/source/impl_1/grapefruitrom.vhd

INFO <35921012> - z:/es4/fruit-salad-game/es4-fruit-salad-game/source/impl_1/grapefruitrom.vhd(5): analyzing entity grapefruitrom. VHDL-1012
INFO <35921010> - z:/es4/fruit-salad-game/es4-fruit-salad-game/source/impl_1/grapefruitrom.vhd(14): analyzing architecture synth. VHDL-1010
Analyzing VHDL file z:/es4/fruit-salad-game/es4-fruit-salad-game/source/impl_1/cherryrom.vhd. VHDL-1481
Analyzing VHDL file z:/es4/fruit-salad-game/es4-fruit-salad-game/source/impl_1/cherryrom.vhd

INFO <35921012> - z:/es4/fruit-salad-game/es4-fruit-salad-game/source/impl_1/cherryrom.vhd(5): analyzing entity cherryrom. VHDL-1012
INFO <35921010> - z:/es4/fruit-salad-game/es4-fruit-salad-game/source/impl_1/cherryrom.vhd(14): analyzing architecture synth. VHDL-1010
Analyzing VHDL file z:/es4/fruit-salad-game/es4-fruit-salad-game/source/impl_1/orangerom.vhd. VHDL-1481
Analyzing VHDL file z:/es4/fruit-salad-game/es4-fruit-salad-game/source/impl_1/orangerom.vhd

INFO <35921012> - z:/es4/fruit-salad-game/es4-fruit-salad-game/source/impl_1/orangerom.vhd(5): analyzing entity orangerom. VHDL-1012
INFO <35921010> - z:/es4/fruit-salad-game/es4-fruit-salad-game/source/impl_1/orangerom.vhd(14): analyzing architecture synth. VHDL-1010
Analyzing VHDL file z:/es4/fruit-salad-game/es4-fruit-salad-game/source/impl_1/watermelonrom.vhd. VHDL-1481
Analyzing VHDL file z:/es4/fruit-salad-game/es4-fruit-salad-game/source/impl_1/watermelonrom.vhd

INFO <35921012> - z:/es4/fruit-salad-game/es4-fruit-salad-game/source/impl_1/watermelonrom.vhd(5): analyzing entity watermelonrom. VHDL-1012
INFO <35921010> - z:/es4/fruit-salad-game/es4-fruit-salad-game/source/impl_1/watermelonrom.vhd(14): analyzing architecture synth. VHDL-1010
Analyzing VHDL file z:/es4/fruit-salad-game/es4-fruit-salad-game/source/impl_1/startscreenrom.vhd. VHDL-1481
Analyzing VHDL file z:/es4/fruit-salad-game/es4-fruit-salad-game/source/impl_1/startscreenrom.vhd

INFO <35921012> - z:/es4/fruit-salad-game/es4-fruit-salad-game/source/impl_1/startscreenrom.vhd(5): analyzing entity startscreenrom. VHDL-1012
INFO <35921010> - z:/es4/fruit-salad-game/es4-fruit-salad-game/source/impl_1/startscreenrom.vhd(14): analyzing architecture synth. VHDL-1010
The default VHDL library search path is now "Z:/Es4/fruit-salad-game/ES4-fruit-salad-game/impl_1". VHDL-1504
Top module language type = VHDL.
WARNING <35935049> - input port sclk_i remains unconnected for this instance. VDB-5049
WARNING <35935049> - input port sdi_i remains unconnected for this instance. VDB-5049
Top module name (VHDL, mixed language): vga_controller
                                                         


### Number of Logic Cells: 5280


### Number of RAM Blocks: 30


### Number of DSP Blocks: 8


### Number of PLLs: 1


### Number of IO Pins: 56


##########################################################


                                                         


WARNING <35001771> - Initial value found on net get_row_1[4] will be ignored due to unrecognized driver type
WARNING <35001771> - Initial value found on net get_row_1[3] will be ignored due to unrecognized driver type
WARNING <35001771> - Initial value found on net get_row_1[2] will be ignored due to unrecognized driver type
WARNING <35001771> - Initial value found on net get_row_1[1] will be ignored due to unrecognized driver type
WARNING <35001771> - Initial value found on net get_row_1[0] will be ignored due to unrecognized driver type
WARNING <35001771> - Initial value found on net get_col_1[4] will be ignored due to unrecognized driver type
WARNING <35001771> - Initial value found on net get_col_1[3] will be ignored due to unrecognized driver type
WARNING <35001771> - Initial value found on net get_col_1[2] will be ignored due to unrecognized driver type
WARNING <35001771> - Initial value found on net get_col_1[1] will be ignored due to unrecognized driver type
WARNING <35001771> - Initial value found on net get_col_1[0] will be ignored due to unrecognized driver type
WARNING <35001771> - Initial value found on net get_row_2[4] will be ignored due to unrecognized driver type
WARNING <35001771> - Initial value found on net get_row_2[3] will be ignored due to unrecognized driver type
WARNING <35001771> - Initial value found on net get_row_2[2] will be ignored due to unrecognized driver type
WARNING <35001771> - Initial value found on net get_row_2[1] will be ignored due to unrecognized driver type
WARNING <35001771> - Initial value found on net get_row_2[0] will be ignored due to unrecognized driver type
WARNING <35001771> - Initial value found on net get_col_2[4] will be ignored due to unrecognized driver type
WARNING <35001771> - Initial value found on net get_col_2[3] will be ignored due to unrecognized driver type
WARNING <35001771> - Initial value found on net get_col_2[2] will be ignored due to unrecognized driver type
WARNING <35001771> - Initial value found on net get_col_2[1] will be ignored due to unrecognized driver type
WARNING <35001771> - Initial value found on net get_col_2[0] will be ignored due to unrecognized driver type
WARNING <35001771> - Initial value found on net get_row_3[4] will be ignored due to unrecognized driver type
WARNING <35001771> - Initial value found on net get_row_3[3] will be ignored due to unrecognized driver type
WARNING <35001771> - Initial value found on net get_row_3[2] will be ignored due to unrecognized driver type
WARNING <35001771> - Initial value found on net get_row_3[1] will be ignored due to unrecognized driver type
WARNING <35001771> - Initial value found on net get_row_3[0] will be ignored due to unrecognized driver type
WARNING <35001771> - Initial value found on net get_col_3[4] will be ignored due to unrecognized driver type
WARNING <35001771> - Initial value found on net get_col_3[3] will be ignored due to unrecognized driver type
WARNING <35001771> - Initial value found on net get_col_3[2] will be ignored due to unrecognized driver type
WARNING <35001771> - Initial value found on net get_col_3[1] will be ignored due to unrecognized driver type
WARNING <35001771> - Initial value found on net get_col_3[0] will be ignored due to unrecognized driver type
CRITICAL <35001747> - Bit 2 of Register fruit_1_type is stuck at Zero
CRITICAL <35001747> - Bit 1 of Register fruit_1_type is stuck at Zero
CRITICAL <35001748> - Bit 0 of Register fruit_1_type is stuck at One
WARNING <35935049> - input port sclk_i remains unconnected for this instance. VDB-5049
WARNING <35935049> - input port sdi_i remains unconnected for this instance. VDB-5049
z:/es4/fruit-salad-game/es4-fruit-salad-game/mypll/rtl/mypll.v(139): net \firstblock/lscc_pll_inst/sclk_i does not have a driver. VDB-1002
z:/es4/fruit-salad-game/es4-fruit-salad-game/mypll/rtl/mypll.v(140): net \firstblock/lscc_pll_inst/sdi_i does not have a driver. VDB-1002
######## Missing driver on net \firstblock/lscc_pll_inst/sclk_i. Patching with GND.
######## Missing driver on net \firstblock/lscc_pll_inst/sdi_i. Patching with GND.
INFO <35001774> - Extracted state machine for register '\thirdblock/fruit_2_type' with one-hot encoding
State machine has 8 reachable states with original encodings of:

 000 

 001 

 010 

 011 

 100 

 101 

 110 

 111 

original encoding -> new encoding (one-hot encoding)

 000 -> 00000001

 001 -> 00000010

 010 -> 00000100

 011 -> 00001000

 100 -> 00010000

 101 -> 00100000

 110 -> 01000000

 111 -> 10000000




CRITICAL <35001747> - Bit 5 of Register \thirdblock/start_screen/color is stuck at Zero
Combinational loop found : 1

 Net buttonout_c_0 

 Instance \nesblock/mux_24_i1 

Combinational loop found : 2

 Net buttonout_c_1 

 Instance \nesblock/mux_24_i2 

Combinational loop found : 3

 Net buttonout_c_2 

 Instance \nesblock/mux_24_i3 

Combinational loop found : 4

 Net buttonout_c_3 

 Instance \nesblock/mux_24_i4 

Combinational loop found : 5

 Net buttonout_c_4 

 Instance \nesblock/mux_24_i5 

Combinational loop found : 6

 Net buttonout_c_5 

 Instance \nesblock/mux_24_i6 

Combinational loop found : 7

 Net buttonout_c_6 

 Instance \nesblock/mux_24_i7 

Combinational loop found : 8

 Net buttonout_c_7 

 Instance \nesblock/mux_24_i8 

WARNING <35935040> - Register \thirdblock/game_state__i3 clock is stuck at Zero. VDB-5040
Duplicate register/latch removal. \thirdblock/start_screen/color_i2 is a one-to-one match with \thirdblock/start_screen/color_i5.
WARNING <35001779> - Initial value found on instance \thirdblock/fruit_1_tl_col_i0_i5 will be ignored.
WARNING <35001779> - Initial value found on instance \thirdblock/fruit_1_tl_col_i0_i4 will be ignored.
WARNING <35001779> - Initial value found on instance \thirdblock/game_state__i2 will be ignored.
INFO <35002039> - Special Primitives IFD1P3AZ and OFD1P3AZ for ThunderPlus are synthesized using IOL_B.

################### Begin Area Report (vga_controller)######################
Number of register bits => 162 of 5280 (3 % )
EBR_B => 18
CCU2 => 84
FD1P3XZ => 162
HSOSC_CORE => 1
IB => 2
IOL_B => 1
LUT4 => 467
OB => 21
PLL_B => 1
################### End Area Report ##################
Number of odd-length carry chains : 2
Number of even-length carry chains : 12

################### Begin Clock Report ######################
Clock Nets
Number of Clocks: 4
  Net : external_osc_c, loads : 1
  Net : firstblock/lscc_pll_inst/clk, loads : 0
  Net : nesblock/CTRLclk_c, loads : 1
  Net : firstblock/lscc_pll_inst/ext_osc_test_c, loads : 1
Clock Enable Nets
Number of Clock Enables: 0
Highest fanout non-clock nets
Top 10 highest fanout non-clock nets:
  Net : thirdblock/game_state[2], loads : 82
  Net : thirdblock/game_state[1], loads : 78
  Net : thirdblock/game_state[0], loads : 38
  Net : secondblock/col_0__N_50, loads : 20
  Net : thirdblock/n20, loads : 18
  Net : thirdblock/n3041, loads : 17
  Net : thirdblock/n17, loads : 17
  Net : nesblock/clk, loads : 17
  Net : thirdblock/n2348, loads : 16
  Net : thirdblock/n4261, loads : 15
################### End Clock Report ##################

Peak Memory Usage: 150 MB

--------------------------------------------------------------
Total CPU Time: 4 secs 
Total REAL Time: 9 secs 
--------------------------------------------------------------


postsyn -a iCE40UP -p iCE40UP5K -t SG48 -sp High-Performance_1.2V -oc Industrial -top -w -o fruitSalad_impl_1_syn.udb fruitSalad_impl_1.vm -ldc Z:/Es4/fruit-salad-game/ES4-fruit-salad-game/impl_1/fruitSalad_impl_1.ldc
POSTSYN: Post Synthesis Process Radiant Software (64-bit) 2023.1.0.43.3
Command Line: postsyn -a iCE40UP -p iCE40UP5K -t SG48 -sp High-Performance_1.2V -oc Industrial -top -w -o fruitSalad_impl_1_syn.udb -ldc Z:/Es4/fruit-salad-game/ES4-fruit-salad-game/impl_1/fruitSalad_impl_1.ldc -gui -msgset Z:/Es4/fruit-salad-game/ES4-fruit-salad-game/promote.xml fruitSalad_impl_1.vm 
   Architecture:     iCE40UP
   Device:           iCE40UP5K
   Package:          SG48
   Performance:      High-Performance_1.2V
Reading input file 'fruitSalad_impl_1.vm' ...
CPU Time to convert: 0.1875
REAL Time to convert: 0
convert PEAK Memory Usage: 35 MB
convert CURRENT Memory Usage: 35 MB
Reading constraint file 'Z:/Es4/fruit-salad-game/ES4-fruit-salad-game/impl_1/fruitSalad_impl_1.ldc' ...
Removing unused logic ...
Starting design annotation....
WARNING <70001944> - No master clock for
	generated clock	create_generated_clock -name {clk} -source [get_pins {firstblock/lscc_pll_inst/u_PLL_B/REFERENCECLK}] -multiply_by 67 -divide_by 32 [get_pins {firstblock/lscc_pll_inst/u_PLL_B/OUTGLOBAL }] .
WARNING <70001944> - No master clock for
	generated clock	create_generated_clock -name {ext_osc_test_c} -source [get_pins {firstblock/lscc_pll_inst/u_PLL_B/REFERENCECLK}] -multiply_by 67 -divide_by 32 [get_pins {firstblock/lscc_pll_inst/u_PLL_B/OUTCORE }] .
 
Constraint Summary:
   Total number of constraints: 3
   Total number of constraints dropped: 0
 
Writing output file 'fruitSalad_impl_1_syn.udb'.
POSTSYN finished successfully.
Total CPU Time: 0 secs 
Total REAL Time: 0 secs 
Peak Memory Usage: 40 MB


map -i "fruitSalad_impl_1_syn.udb" -pdc "Z:/Es4/fruit-salad-game/ES4-fruit-salad-game/pin_layout.pdc" -o "fruitSalad_impl_1_map.udb" -mp "fruitSalad_impl_1.mrp" -hierrpt     
map:  version Radiant Software (64-bit) 2023.1.0.43.3

Copyright (c) 1991-1994 by NeoCAD Inc. All rights reserved.
Copyright (c) 1995 AT&T Corp.   All rights reserved.
Copyright (c) 1995-2001 Lucent Technologies Inc.  All rights reserved.
Copyright (c) 2001 Agere Systems   All rights reserved.
Copyright (c) 2002-2023 Lattice Semiconductor Corporation,  All rights reserved.

Command line:   map -i fruitSalad_impl_1_syn.udb -pdc Z:/Es4/fruit-salad-game/ES4-fruit-salad-game/pin_layout.pdc -o fruitSalad_impl_1_map.udb -mp fruitSalad_impl_1.mrp -hierrpt -gui 

Loading device for application GENERIC from file 'itpa08.nph' in environment: C:/lscc/radiant/2023.1/ispfpga.
Package Status:                     Preliminary    Version 1.5.



   Remove unused logic

   Do not produce over sized UDBs.

Design:  vga_controller
Family:  iCE40UP
Device:  iCE40UP5K
Package: SG48
Performance Grade:  High-Performance_1.2V

Running general design DRC...

Removing unused logic...

Optimizing...




Design Summary:
   Number of slice registers: 162 out of  5280 (3%)
   Number of I/O registers:      1 out of   117 (1%)
   Number of LUT4s:           660 out of  5280 (13%)
      Number of logic LUT4s:             468
      Number of inserted feedthru LUT4s:  14
      Number of replicated LUT4s:         10
      Number of ripple logic:             84 (168 LUT4s)
   Number of IO sites used:   23 out of 39 (59%)
      Number of IO sites used for general PIO: 23
      Number of IO sites used for I3C: 0 out of 2 (0%)
      (note: If I3C is not used, its site can be used as general PIO)
      Number of IO sites used for PIO+I3C: 23 out of 36 (64%)
      Number of IO sites used for OD+RGB IO buffers: 0 out of 3 (0%)
      (note: If RGB LED drivers are not used, sites can be used as OD outputs,
       see TN1288 iCE40 LED Driver Usage Guide)
      Number of IO sites used for PIO+I3C+OD+RGB: 23 out of 39 (59%)
   Number of DSPs:             0 out of 8 (0%)
   Number of I2Cs:             0 out of 2 (0%)
   Number of High Speed OSCs:  1 out of 1 (100%)
   Number of Low Speed OSCs:   0 out of 1 (0%)
   Number of RGB PWM:          0 out of 1 (0%)
   Number of RGB Drivers:      0 out of 1 (0%)
   Number of SCL FILTERs:      0 out of 2 (0%)
   Number of SRAMs:            0 out of 4 (0%)
   Number of WARMBOOTs:        0 out of 1 (0%)
   Number of SPIs:             0 out of 2 (0%)
   Number of EBRs:             18 out of 30 (60%)
   Number of PLLs:             1 out of 1 (100%)
   Number of Clocks:  4
      Net clk: 147 loads, 147 rising, 0 falling (Driver: Pin firstblock.lscc_pll_inst.u_PLL_B/OUTGLOBAL)
      Net external_osc_c: 1 loads, 1 rising, 0 falling (Driver: Port external_osc)
      Net nesblock.clk: 9 loads, 9 rising, 0 falling (Driver: Pin nesblock.instanceosc/CLKHF)
      Net CTRLclk_c: 8 loads, 8 rising, 0 falling (Driver: Pin nesblock.CTRLclk_c_I_0/Z)
   Number of Clock Enables:  12
      Net thirdblock.fruit_2_tl_col_0__N_275: 10 loads, 10 SLICEs
      Net thirdblock.fruit_3_tl_row_0__N_419: 10 loads, 10 SLICEs
      Net thirdblock.fruit_3_type_0__N_448: 3 loads, 3 SLICEs
      Net thirdblock.fruit_3_tl_col_0__N_440: 10 loads, 10 SLICEs
      Net thirdblock.fruit_1_tl_col_0__N_117: 9 loads, 9 SLICEs
      Net RGB_pad[4].vcc: 55 loads, 0 SLICEs
      Net thirdblock.fruit_1_tl_row_0__N_93: 10 loads, 10 SLICEs
      Net thirdblock.game_state_0__N_65: 1 loads, 1 SLICEs
      Net thirdblock.game_state_1__N_63: 1 loads, 1 SLICEs
      Net thirdblock.fruit_2_tl_row_0__N_254: 10 loads, 10 SLICEs
      Net thirdblock.game_state_2__N_60: 1 loads, 1 SLICEs
      Net secondblock.col_0__N_50: 6 loads, 6 SLICEs
   Number of LSRs:  33
      Net thirdblock.fruit_1_tl_col_4__N_109: 2 loads, 2 SLICEs
      Net thirdblock.game_state_2__N_61: 1 loads, 1 SLICEs
      Net thirdblock.counter_0__N_615: 1 loads, 1 SLICEs
      Net thirdblock.fruit_2_type_2__N_277: 1 loads, 1 SLICEs
      Net thirdblock.n6: 1 loads, 1 SLICEs
      Net thirdblock.n6_adj_658: 1 loads, 1 SLICEs
      Net thirdblock.n4_adj_652: 1 loads, 1 SLICEs
      Net thirdblock.counter_16__N_583: 1 loads, 1 SLICEs
      Net thirdblock.counter_15__N_585: 1 loads, 1 SLICEs
      Net thirdblock.counter_14__N_587: 1 loads, 1 SLICEs
      Net thirdblock.fruit_1_tl_row_0__N_94: 4 loads, 4 SLICEs
      Net thirdblock.counter_13__N_589: 1 loads, 1 SLICEs
      Net thirdblock.counter_12__N_591: 1 loads, 1 SLICEs
      Net thirdblock.n6_adj_660: 1 loads, 1 SLICEs
      Net thirdblock.counter_11__N_593: 1 loads, 1 SLICEs
      Net thirdblock.counter_10__N_595: 1 loads, 1 SLICEs
      Net thirdblock.fruit_3_type_1__N_446: 2 loads, 2 SLICEs
      Net thirdblock.counter_9__N_597: 1 loads, 1 SLICEs
      Net thirdblock.counter_8__N_599: 1 loads, 1 SLICEs
      Net thirdblock.counter_7__N_601: 1 loads, 1 SLICEs
      Net thirdblock.fruit_3_tl_col_6__N_428: 1 loads, 1 SLICEs
      Net thirdblock.fruit_2_tl_col_6__N_263: 1 loads, 1 SLICEs
      Net thirdblock.counter_6__N_603: 1 loads, 1 SLICEs
      Net thirdblock.counter_5__N_605: 1 loads, 1 SLICEs
      Net thirdblock.counter_1__N_613: 1 loads, 1 SLICEs
      Net thirdblock.counter_2__N_611: 1 loads, 1 SLICEs
      Net thirdblock.counter_3__N_609: 1 loads, 1 SLICEs
      Net thirdblock.counter_4__N_607: 1 loads, 1 SLICEs
      Net thirdblock.fruit_2_tl_row_0__N_255: 4 loads, 4 SLICEs
      Net thirdblock.fruit_3_type_0__N_449: 1 loads, 1 SLICEs
      Net startscreenRGB_0__N_70: 1 loads, 1 SLICEs
      Net secondblock.row_0__N_30: 6 loads, 6 SLICEs
      Net secondblock.col_0__N_50: 6 loads, 6 SLICEs
   Top 10 highest fanout non-clock nets:
      Net thirdblock.game_state[2]: 87 loads
      Net thirdblock.game_state[1]: 80 loads
      Net RGB_pad[4].vcc: 61 loads
      Net thirdblock.game_state[0]: 41 loads
      Net thirdblock.n20: 18 loads
      Net thirdblock.n17: 17 loads
      Net thirdblock.n3041: 17 loads
      Net n4261: 16 loads
      Net nesblock.buttonout_c_0_N_637: 16 loads
      Net thirdblock.n2348: 16 loads
Running physical design DRC...

 

   Number of warnings:  0
   Number of errors:    0

Constraint Summary:
   Total number of constraints: 24
   Total number of constraints dropped: 0


Total CPU Time: 0 secs  
Total REAL Time: 0 secs  
Peak Memory Usage: 67 MB


par -f "fruitSalad_impl_1.p2t" "fruitSalad_impl_1_map.udb" "fruitSalad_impl_1.udb"

Lattice Place and Route Report for Design "fruitSalad_impl_1_map.udb"
Wed Dec  4 16:06:07 2024

PAR: Place And Route Radiant Software (64-bit) 2023.1.0.43.3.
Command Line: par -w -t 1 -cores 1 -exp parPathBased=ON \
	fruitSalad_impl_1_map.udb fruitSalad_impl_1_par.dir/5_1.udb 

Loading fruitSalad_impl_1_map.udb ...
Loading device for application GENERIC from file 'itpa08.nph' in environment: C:/lscc/radiant/2023.1/ispfpga.
Package Status:                     Preliminary    Version 1.5.
Performance Hardware Data Status:   Advanced       Version 1.0.



Design:  vga_controller
Family:  iCE40UP
Device:  iCE40UP5K
Package: SG48
Performance Grade:   High-Performance_1.2V
WARNING <70001944> - No master clock for
	generated clock	create_generated_clock -name {clk} -source [get_pins {firstblock/lscc_pll_inst/u_PLL_B/REFERENCECLK}] -multiply_by 67 -divide_by 32 [get_pins {firstblock/lscc_pll_inst/u_PLL_B/OUTGLOBAL }] .
WARNING <70001944> - No master clock for
	generated clock	create_generated_clock -name {ext_osc_test_c} -source [get_pins {firstblock/lscc_pll_inst/u_PLL_B/REFERENCECLK}] -multiply_by 67 -divide_by 32 [get_pins {firstblock/lscc_pll_inst/u_PLL_B/OUTCORE }] .

WARNING: Database constraint "create_generated_clock -name {ext_osc_test_c} -source [get_pins firstblock.lscc_pll_inst.u_PLL_B/REFERENCECLK] -divide_by 32 -multiply_by 67 [get_pins firstblock.lscc_pll_inst.u_PLL_B/OUTCORE]" does not have corresponding timing constraint. Please check if the resource objects of the constraint are valid carefully!
Number of Signals: 1017
Number of Connections: 2732
Device utilization summary:

   SLICE (est.)     361/2640         14% used
     LUT            660/5280         13% used
     REG            162/5280          3% used
   PIO               23/56           41% used
                     23/36           63% bonded
   IOLOGIC            1/56            2% used
   DSP                0/8             0% used
   I2C                0/2             0% used
   HFOSC              1/1           100% used
   LFOSC              0/1             0% used
   LEDDA_IP           0/1             0% used
   RGBA_DRV           0/1             0% used
   FILTER             0/2             0% used
   SRAM               0/4             0% used
   WARMBOOT           0/1             0% used
   SPI                0/2             0% used
   EBR               18/30           60% used
   PLL                1/1           100% used
   RGBOUTBUF          0/3             0% used
   I3C                0/2             0% used
   OPENDRAIN          0/3             0% used

Pin Constraint Summary:
   21 out of 23 pins locked (91% locked).
.
.............
Finished Placer Phase 0 (HIER). CPU time: 1 secs , REAL time: 2 secs 


................
Finished Placer Phase 0 (AP).  CPU time: 1 secs , REAL time: 2 secs 

Starting Placer Phase 1. CPU time: 1 secs , REAL time: 2 secs 
..  ..
....................

Placer score = 184614.

Device SLICE utilization summary after final SLICE packing:
   SLICE            347/2640         13% used

WARNING <70001944> - No master clock for
	generated clock	create_generated_clock -name {clk} -source [get_pins {firstblock/lscc_pll_inst/u_PLL_B/REFERENCECLK}] -multiply_by 67 -divide_by 32 [get_pins {firstblock/lscc_pll_inst/u_PLL_B/OUTGLOBAL }] .
WARNING <70001944> - No master clock for
	generated clock	create_generated_clock -name {ext_osc_test_c} -source [get_pins {firstblock/lscc_pll_inst/u_PLL_B/REFERENCECLK}] -multiply_by 67 -divide_by 32 [get_pins {firstblock/lscc_pll_inst/u_PLL_B/OUTCORE }] .
Finished Placer Phase 1. CPU time: 8 secs , REAL time: 10 secs 

Starting Placer Phase 2.
.

Placer score =  203651
Finished Placer Phase 2.  CPU time: 9 secs , REAL time: 10 secs 


------------------ Clock Report ------------------

Global Clocks :
  PRIMARY "clk" from OUTGLOBAL on comp "firstblock.lscc_pll_inst.u_PLL_B" on site "PLL_R13C32", clk load = 110, ce load = 0, sr load = 0
  PRIMARY "nesblock.clk" from comp "nesblock.instanceosc" on site "HFOSC_R1C32", clk load = 9, ce load = 0, sr load = 0

  PRIMARY  : 2 out of 8 (25%)

--------------- End of Clock Report ---------------


I/O Usage Summary (final):
   23 out of 56 (41.1%) I/O sites used.
   23 out of 36 (63.9%) bonded I/O sites used.
   Number of I/O components: 23; differential: 0
   Number of Vref pins used: 0

I/O Bank Usage Summary:
+----------+----------------+------------+------------+------------+
| I/O Bank | Usage          | Bank Vccio | Bank Vref1 | Bank Vref2 |
+----------+----------------+------------+------------+------------+
| 0        | 12 / 14 ( 85%) | 3.3V       |            |            |
| 1        | 5 / 14 ( 35%)  | 3.3V       |            |            |
| 2        | 6 / 8 ( 75%)   | 3.3V       |            |            |
+----------+----------------+------------+------------+------------+

Total Placer CPU time: 9 secs , REAL time: 10 secs 

Writing design to file fruitSalad_impl_1_par.dir/5_1.udb ...


Start NBR router at 16:06:16 12/04/24

*****************************************************************
Info: NBR allows conflicts(one node used by more than one signal)
      in the earlier iterations. In each iteration, it tries to  
      solve the conflicts while keeping the critical connections 
      routed as short as possible. The routing process is said to
      be completed when no conflicts exist and all connections   
      are routed.                                                
Note: NBR uses a different method to calculate timing slacks. The
      worst slack and total negative slack may not be the same as
      that in timing report. You should always run the timing    
      tool to verify your design.                                
*****************************************************************

Starting routing resource preassignment
Preassignment Summary:
--------------------------------------------------------------------------------
302 connections routed with dedicated routing resources
2 global clock signals routed
421 connections routed (of 2668 total) (15.78%)
---------------------------------------------------------
Clock routing summary:
Primary clocks (2 used out of 8 available):
#4  Signal "nesblock.clk"
       Clock   loads: 9     out of     9 routed (100.00%)
#7  Signal "clk"
       Clock   loads: 110   out of   110 routed (100.00%)
Other clocks:
    Signal "external_osc_c"
       Clock   loads: 0     out of     1 routed (  0.00%)
    Signal "firstblock.lscc_pll_inst.feedback_w"
       Clock   loads: 1     out of     1 routed (100.00%)
    Signal "CTRLclk_c"
       Clock   loads: 0     out of     5 routed (  0.00%)
       Data    loads: 0     out of     1 routed (  0.00%)
---------------------------------------------------------
--------------------------------------------------------------------------------
Completed routing resource preassignment
WARNING <70001944> - No master clock for
	generated clock	create_generated_clock -name {clk} -source [get_pins {firstblock/lscc_pll_inst/u_PLL_B/REFERENCECLK}] -multiply_by 67 -divide_by 32 [get_pins {firstblock/lscc_pll_inst/u_PLL_B/OUTGLOBAL }] .
WARNING <70001944> - No master clock for
	generated clock	create_generated_clock -name {ext_osc_test_c} -source [get_pins {firstblock/lscc_pll_inst/u_PLL_B/REFERENCECLK}] -multiply_by 67 -divide_by 32 [get_pins {firstblock/lscc_pll_inst/u_PLL_B/OUTCORE }] .
    TimerIf::skewscore 0
+++++++++++++++++++++++++++++++++++++++++++++++++++++++++++++++++++
Routing in Serial Mode ......
+++++++++++++++++++++++++++++++++++++++++++++++++++++++++++++++++++

Start NBR section for initial routing at 16:06:16 12/04/24
Level 4, iteration 1
84(0.03%) conflicts; 0(0.00%) untouched conn; 0 (nbr) score; 
Estimated worst slack/total negative slack<setup>: 10.480ns/0.000ns; real time: 3 secs 

Info: Initial congestion level at 75.00% usage is 0
Info: Initial congestion area  at 75.00% usage is 0 (0.00%)

Start NBR section for normal routing at 16:06:19 12/04/24
Level 4, iteration 1
10(0.00%) conflicts; 0(0.00%) untouched conn; 0 (nbr) score; 
Estimated worst slack/total negative slack<setup>: 10.480ns/0.000ns; real time: 3 secs 
Level 4, iteration 2
9(0.00%) conflicts; 0(0.00%) untouched conn; 0 (nbr) score; 
Estimated worst slack/total negative slack<setup>: 10.480ns/0.000ns; real time: 3 secs 
Level 4, iteration 3
1(0.00%) conflict; 0(0.00%) untouched conn; 0 (nbr) score; 
Estimated worst slack/total negative slack<setup>: 10.480ns/0.000ns; real time: 3 secs 
Level 4, iteration 4
1(0.00%) conflict; 0(0.00%) untouched conn; 0 (nbr) score; 
Estimated worst slack/total negative slack<setup>: 10.480ns/0.000ns; real time: 3 secs 
Level 4, iteration 5
0(0.00%) conflict; 0(0.00%) untouched conn; 0 (nbr) score; 
Estimated worst slack/total negative slack<setup>: 10.480ns/0.000ns; real time: 3 secs 

Start NBR section for setup/hold timing optimization with effort level 3 at 16:06:19 12/04/24
Changing speed to M

Starting full timing analysis...
Changing speed to M;   changing temperature to -40
Changing speed to 6;   changing temperature to 100

Start NBR section for post-routing at 16:06:20 12/04/24

End NBR router with 0 unrouted connection
WARNING <70001944> - No master clock for
	generated clock	create_generated_clock -name {clk} -source [get_pins {firstblock/lscc_pll_inst/u_PLL_B/REFERENCECLK}] -multiply_by 67 -divide_by 32 [get_pins {firstblock/lscc_pll_inst/u_PLL_B/OUTGLOBAL }] .
WARNING <70001944> - No master clock for
	generated clock	create_generated_clock -name {ext_osc_test_c} -source [get_pins {firstblock/lscc_pll_inst/u_PLL_B/REFERENCECLK}] -multiply_by 67 -divide_by 32 [get_pins {firstblock/lscc_pll_inst/u_PLL_B/OUTCORE }] .
Requested speed is the same as database speed
Changing speed to M

Starting full timing analysis...
Requested speed is the same as database speed
Changing speed to 6;   changing temperature to 100

NBR Summary
-----------
  Number of unrouted connections : 0 (0.00%)
  Estimated worst slack<setup> : 10.480ns
  Estimated worst slack<hold > : 1.913ns
  Timing score<setup> : 0
  Timing score<hold > : 0
  Number of connections with timing violations<setup> : 0 (0.00%)
  Number of connections with timing violations<hold > : 0 (0.00%)
-----------


Total CPU time 4 secs 
Total REAL time: 4 secs 
Completely routed.
End of route.  2668 routed (100.00%); 0 unrouted.

Writing design to file fruitSalad_impl_1_par.dir/5_1.udb ...


PAR_SUMMARY::Run status = Completed
PAR_SUMMARY::Number of unrouted conns = 0
PAR_SUMMARY::Worst  slack<setup/<ns>> = 10.480
PAR_SUMMARY::Timing score<setup/<ns>> = 0.000
PAR_SUMMARY::Worst  slack<hold /<ns>> = 1.913
PAR_SUMMARY::Timing score<hold /<ns>> = 0.000
PAR_SUMMARY::Number of errors = 0

Total CPU  Time: 13 secs 
Total REAL Time: 14 secs 
Peak Memory Usage: 123.96 MB


par done!

Note: user must run 'timing' for timing closure signoff.

Copyright (c) 1991-1994 by NeoCAD Inc. All rights reserved.
Copyright (c) 1995 AT&T Corp.   All rights reserved.
Copyright (c) 1995-2001 Lucent Technologies Inc.  All rights reserved.
Copyright (c) 2001 Agere Systems   All rights reserved.
Copyright (c) 2002-2023 Lattice Semiconductor Corporation,  All rights reserved.

timing -sethld -v 10 -u 10 -endpoints 10 -nperend 1 -sp High-Performance_1.2V -hsp m   -pwrprd -html -rpt "fruitSalad_impl_1.twr" "fruitSalad_impl_1.udb" 
timing -sethld -v 10 -u 10 -endpoints 10 -nperend 1 -sp High-Performance_1.2V -hsp m -pwrprd -html -rpt fruitSalad_impl_1.twr fruitSalad_impl_1.udb -gui
Starting design reading...
Loading device for application GENERIC from file 'itpa08.nph' in environment: C:/lscc/radiant/2023.1/ispfpga.
Package Status:                     Preliminary    Version 1.5.
Performance Hardware Data Status:   Advanced       Version 1.0.
Loading udb::Database ...
Design:  vga_controller
Family:  iCE40UP
Device:  iCE40UP5K
Package: SG48
Performance Grade:   High-Performance_1.2V



Successfully loading udb, 0.08 seconds

Initializing timer
Starting design annotation....
WARNING <70001944> - No master clock for
	generated clock	create_generated_clock -name {clk} -source [get_pins {firstblock/lscc_pll_inst/u_PLL_B/REFERENCECLK}] -multiply_by 67 -divide_by 32 [get_pins {firstblock/lscc_pll_inst/u_PLL_B/OUTGLOBAL }] .
WARNING <70001944> - No master clock for
	generated clock	create_generated_clock -name {ext_osc_test_c} -source [get_pins {firstblock/lscc_pll_inst/u_PLL_B/REFERENCECLK}] -multiply_by 67 -divide_by 32 [get_pins {firstblock/lscc_pll_inst/u_PLL_B/OUTCORE }] .
High-Performance_1.2V

Starting full timing analysis...
Performance Hardware Data Status:   Advanced       Version 1.0.
Connections ignored  127  counted  1999  covered  65
Changing speed to m;   changing temperature to -40

STA Runtime and Peak Memory Usage :
Total CPU Time: 1 secs 
Total REAL Time: 10 secs 
Peak Memory Usage: 100 MB

 10.855348s wall, 1.593750s user + 0.359375s system = 1.953125s CPU (18.0%)


tmcheck -par "fruitSalad_impl_1.par" 

bitgen -w "fruitSalad_impl_1.udb" -f "fruitSalad_impl_1.t2b" 
Loading fruitSalad_impl_1.udb ...
Loading device for application GENERIC from file 'itpa08.nph' in environment: C:/lscc/radiant/2023.1/ispfpga.
Package Status:                     Preliminary    Version 1.5.
Performance Hardware Data Status:   Advanced       Version 1.0.



Design:  vga_controller
Family:  iCE40UP
Device:  iCE40UP5K
Package: SG48
Performance Grade:   High-Performance_1.2V
Successfully loading design udb and device data from disks and to up-layer in CPU time: 0 secs , REAL time: 0 secs 



BITGEN: Bitstream Generator Radiant Software (64-bit) 2023.1.0.43.3
Copyright (c) 1991-1994 by NeoCAD Inc. All rights reserved.
Copyright (c) 1995 AT&T Corp.   All rights reserved.
Copyright (c) 1995-2001 Lucent Technologies Inc.  All rights reserved.
Copyright (c) 2001 Agere Systems   All rights reserved.
Copyright (c) 2002-2023 Lattice Semiconductor Corporation,  All rights reserved.


Running DRC.
DRC detected 0 errors and 0 warnings.

Preference Summary:
+---------------------------------+---------------------------------+
|  Preference                     |  Current Setting                |
+---------------------------------+---------------------------------+
 *  Default setting.
 ** The specified setting matches the default setting.


Creating bit map...
Saving bit stream in "Z:\Es4\fruit-salad-game\ES4-fruit-salad-game\impl_1\fruitSalad_impl_1.bin".
INFO <1081100> - Bitstream authenticated.
Bitstream generation complete!

Total CPU Time: 0 secs 
Total REAL Time: 0 secs 
Peak Memory Usage: 120 MB


ibisgen "fruitSalad_impl_1.udb" "C:/lscc/radiant/2023.1/cae_library/ibis/iCE40UP.ibs"
IBIS Models Generator: Lattice Radiant Software (64-bit) 2023.1.0.43.3

Wed Dec  4 16:06:33 2024

Loading fruitSalad_impl_1.udb ...
Loading device for application GENERIC from file 'itpa08.nph' in environment: C:/lscc/radiant/2023.1/ispfpga.
Package Status:                     Preliminary    Version 1.5.
Performance Hardware Data Status:   Advanced       Version 1.0.



Design:  vga_controller
Family:  iCE40UP
Device:  iCE40UP5K
Package: SG48
Performance Grade:   High-Performance_1.2V
Successfully loading design udb and device data from disks and to up-layer in CPU time: 0 secs , REAL time: 0 secs 

Created design models.


Generating: Z:\Es4\fruit-salad-game\ES4-fruit-salad-game\impl_1\IBIS\fruitSalad_impl_1.ibs


INFO <1191031> - Design IBIS models are generated for board level analysis.


backanno "fruitSalad_impl_1.udb"  -o "fruitSalad_impl_1_vo.vo"      -sp "High-Performance_1.2V"  -w -neg
backanno: version Radiant Software (64-bit) 2023.1.0.43.3
Copyright (c) 1991-1994 by NeoCAD Inc. All rights reserved.
Copyright (c) 1995 AT&T Corp.   All rights reserved.
Copyright (c) 1995-2001 Lucent Technologies Inc.  All rights reserved.
Copyright (c) 2001 Agere Systems   All rights reserved.
Copyright (c) 2002-2023 Lattice Semiconductor Corporation,  All rights reserved.

Loading device for application GENERIC from file 'itpa08.nph' in environment: C:/lscc/radiant/2023.1/ispfpga.
Package Status:                     Preliminary    Version 1.5.
Loading udb::Database ...
Design:  vga_controller
Family:  iCE40UP
Device:  iCE40UP5K
Package: SG48
Performance Grade:   High-Performance_1.2V
Performance Hardware Data Status:   Advanced       Version 1.0.



Writing a verilog netlist based on the fruitSalad_impl_1 design file.

Writing Verilog netlist to file fruitSalad_impl_1_vo.vo
Writing SDF timing to file fruitSalad_impl_1_vo.sdf
Backanno finished with 0 posted error messages.
Total CPU Time: 1 secs 
Total REAL Time: 2 secs 
Peak Memory Usage: 108 MB
