                         Lattice Mapping Report File
Design:  vga_controller
Family:  iCE40UP
Device:  iCE40UP5K
Package: SG48
Performance Grade:  High-Performance_1.2V

Mapper:    version Radiant Software (64-bit) 2023.1.0.43.3
Mapped on: Wed Dec  4 01:16:48 2024

Design Information
------------------

Command line:   map -i fruitSalad_impl_1_syn.udb -pdc
     Z:/Es4/fruit-salad-game/ES4-fruit-salad-game/pin_layout.pdc -o
     fruitSalad_impl_1_map.udb -mp fruitSalad_impl_1.mrp -hierrpt -gui

Design Summary
--------------

   Number of slice registers: 155 out of  5280 (3%)
   Number of I/O registers:      1 out of   117 (1%)
   Number of LUT4s:           544 out of  5280 (10%)
      Number of logic LUT4s:             367
      Number of inserted feedthru LUT4s:  13
      Number of replicated LUT4s:          8
      Number of ripple logic:             78 (156 LUT4s)
   Number of IO sites used:   22 out of 39 (56%)
      Number of IO sites used for general PIO: 22
      Number of IO sites used for I3C: 0 out of 2 (0%)
      (note: If I3C is not used, its site can be used as general PIO)
      Number of IO sites used for PIO+I3C: 22 out of 36 (61%)
      Number of IO sites used for OD+RGB IO buffers: 0 out of 3 (0%)
      (note: If RGB LED drivers are not used, sites can be used as OD outputs,
       see TN1288 iCE40 LED Driver Usage Guide)
      Number of IO sites used for PIO+I3C+OD+RGB: 22 out of 39 (56%)
   Number of DSPs:             0 out of 8 (0%)
   Number of I2Cs:             0 out of 2 (0%)
   Number of High Speed OSCs:  1 out of 1 (100%)
   Number of Low Speed OSCs:   0 out of 1 (0%)
   Number of RGB PWM:          0 out of 1 (0%)
   Number of RGB Drivers:      0 out of 1 (0%)
   Number of SCL FILTERs:      0 out of 2 (0%)
   Number of SRAMs:            0 out of 4 (0%)
   Number of WARMBOOTs:        0 out of 1 (0%)
   Number of SPIs:             0 out of 2 (0%)
   Number of EBRs:             18 out of 30 (60%)
   Number of PLLs:             1 out of 1 (100%)
   Number of Clocks:  4
      Net clk: 133 loads, 133 rising, 0 falling (Driver: Pin
     firstblock.lscc_pll_inst.u_PLL_B/OUTGLOBAL)
      Net external_osc_c: 1 loads, 1 rising, 0 falling (Driver: Port
     external_osc)
      Net nesblock.clk: 9 loads, 9 rising, 0 falling (Driver: Pin
     nesblock.instanceosc/CLKHF)
      Net CTRLclk_c: 8 loads, 8 rising, 0 falling (Driver: Pin
     nesblock.CTRLclk_c_I_0/Z)
   Number of Clock Enables:  12
      Net thirdblock.fruit_3_type_0__N_420: 3 loads, 3 SLICEs
      Net thirdblock.falling_counter_0__N_593: 9 loads, 9 SLICEs
      Net thirdblock.fruit_1_tl_row_0__N_88: 10 loads, 10 SLICEs

                                    Page 1





Design Summary (cont)
---------------------
      Net thirdblock.game_state_2__N_60: 1 loads, 1 SLICEs
      Net thirdblock.fruit_2_tl_row_0__N_233: 10 loads, 10 SLICEs
      Net RGB_pad[3].vcc: 55 loads, 0 SLICEs
      Net thirdblock.fruit_2_tl_col_0__N_252: 9 loads, 9 SLICEs
      Net thirdblock.fruit_3_tl_row_0__N_394: 10 loads, 10 SLICEs
      Net thirdblock.fruit_3_tl_col_0__N_412: 9 loads, 9 SLICEs
      Net thirdblock.game_state_1__N_63: 1 loads, 1 SLICEs
      Net thirdblock.game_state_0__N_65: 1 loads, 1 SLICEs
      Net secondblock.col_0__N_50: 6 loads, 6 SLICEs
   Number of LSRs:  13
      Net thirdblock.fruit_3_type_1__N_418: 2 loads, 2 SLICEs
      Net thirdblock.falling_counter_0__N_594: 9 loads, 9 SLICEs
      Net thirdblock.n5034: 1 loads, 1 SLICEs
      Net thirdblock.fruit_1_tl_row_0__N_89: 4 loads, 4 SLICEs
      Net thirdblock.game_state_2__N_61: 1 loads, 1 SLICEs
      Net thirdblock.fruit_2_tl_row_0__N_234: 4 loads, 4 SLICEs
      Net thirdblock.fruit_2_type_2__N_254: 1 loads, 1 SLICEs
      Net thirdblock.n6: 1 loads, 1 SLICEs
      Net thirdblock.n6_adj_636: 1 loads, 1 SLICEs
      Net thirdblock.n6_adj_638: 1 loads, 1 SLICEs
      Net thirdblock.fruit_3_type_0__N_421: 1 loads, 1 SLICEs
      Net secondblock.col_0__N_50: 6 loads, 6 SLICEs
      Net secondblock.row_0__N_30: 6 loads, 6 SLICEs
   Top 10 highest fanout non-clock nets:
      Net thirdblock.game_state[1]: 80 loads
      Net thirdblock.game_state[2]: 78 loads
      Net RGB_pad[3].vcc: 64 loads
      Net thirdblock.game_state[0]: 34 loads
      Net thirdblock.n632: 18 loads
      Net nesblock.buttonout_c_0_N_625: 16 loads
      Net thirdblock.n2194: 16 loads
      Net thirdblock.n5: 15 loads
      Net thirdblock.n2196: 14 loads
      Net thirdblock.fruit_2_type[1]: 13 loads




   Number of warnings:  0
   Number of errors:    0

Design Errors/Warnings
----------------------

   No errors or warnings present.

IO (PIO) Attributes
-------------------

+---------------------+-----------+-----------+-------+-------+-----------+
| IO Name             | Direction | Levelmode |  IO   |  IO   | Special   |
|                     |           |  IO_TYPE  |  REG  |  DDR  | IO Buffer |
+---------------------+-----------+-----------+-------+-------+-----------+
| RGB[3]              | OUTPUT    |           |       |       |           |
+---------------------+-----------+-----------+-------+-------+-----------+
| buttonout[4]        | OUTPUT    |           |       |       |           |
+---------------------+-----------+-----------+-------+-------+-----------+

                                    Page 2





IO (PIO) Attributes (cont)
--------------------------
| RGB[2]              | OUTPUT    |           |       |       |           |
+---------------------+-----------+-----------+-------+-------+-----------+
| buttonout[5]        | OUTPUT    |           |       |       |           |
+---------------------+-----------+-----------+-------+-------+-----------+
| buttonout[6]        | OUTPUT    |           |       |       |           |
+---------------------+-----------+-----------+-------+-------+-----------+
| buttonout[7]        | OUTPUT    |           |       |       |           |
+---------------------+-----------+-----------+-------+-------+-----------+
| external_osc        | INPUT     |           |       |       |           |
+---------------------+-----------+-----------+-------+-------+-----------+
| data                | INPUT     |           | I     |       |           |
+---------------------+-----------+-----------+-------+-------+-----------+
| RGB[4]              | OUTPUT    |           |       |       |           |
+---------------------+-----------+-----------+-------+-------+-----------+
| RGB[5]              | OUTPUT    |           |       |       |           |
+---------------------+-----------+-----------+-------+-------+-----------+
| buttonout[3]        | OUTPUT    |           |       |       |           |
+---------------------+-----------+-----------+-------+-------+-----------+
| buttonout[2]        | OUTPUT    |           |       |       |           |
+---------------------+-----------+-----------+-------+-------+-----------+
| buttonout[1]        | OUTPUT    |           |       |       |           |
+---------------------+-----------+-----------+-------+-------+-----------+
| buttonout[0]        | OUTPUT    |           |       |       |           |
+---------------------+-----------+-----------+-------+-------+-----------+
| ext_osc_test        | OUTPUT    |           |       |       |           |
+---------------------+-----------+-----------+-------+-------+-----------+
| VSYNC               | OUTPUT    |           |       |       |           |
+---------------------+-----------+-----------+-------+-------+-----------+
| HSYNC               | OUTPUT    |           |       |       |           |
+---------------------+-----------+-----------+-------+-------+-----------+
| RGB[0]              | OUTPUT    |           |       |       |           |
+---------------------+-----------+-----------+-------+-------+-----------+
| RGB[1]              | OUTPUT    |           |       |       |           |
+---------------------+-----------+-----------+-------+-------+-----------+
| NESclk              | OUTPUT    |           |       |       |           |
+---------------------+-----------+-----------+-------+-------+-----------+
| latch               | OUTPUT    |           |       |       |           |
+---------------------+-----------+-----------+-------+-------+-----------+
| CTRLclk             | OUTPUT    |           |       |       |           |
+---------------------+-----------+-----------+-------+-------+-----------+

Removed logic
-------------

Block i1 was optimized away.

PLL/DLL Summary
---------------

PLL 1:                                 Pin/Node Value
  PLL Instance Name:                            firstblock/lscc_pll_inst/u_PLL_B
  Input Reference Clock:               PIN      external_osc_c
  Output Clock(CoreA):                 PIN      ext_osc_test_c
  Output Clock(GlobalA):               NODE     clk
  Output Clock(CoreB):                          NONE
  Output Clock(GlobalB):                        NONE
  Feedback input:                      NODE

                                    Page 3





PLL/DLL Summary (cont)
----------------------
       firstblock.lscc_pll_inst.feedback_w
  Internal Feedback output:            NODE
       firstblock.lscc_pll_inst.feedback_w
  BYPASS signal:                                GND
  LATCH signal:                                 GND
  Lock Signal:                                  NONE
  Input Clock Frequency (MHz):                  NA
  Reference Divider:                            0
  Feedback Divider:                             66
  VCO Divider:                                  5
  ENABLE_ICEGATE_PORTA:                         0
  ENABLE_ICEGATE_PORTB:                         0
  PLLOUT_SELECT_PORTA:                          GENCLK
  PLLOUT_SELECT_PORTB:                          GENCLK
  SHIFTREG_DIV_MODE:                            0
  DELAY_ADJUSTMENT_MODE_RELATIVE:               FIXED
  FDA_RELATIVE:                                 0
  FEEDBACK_PATH:                                SIMPLE
  DELAY_ADJUSTMENT_MODE_FEEDBACK:               FIXED
  FDA_FEEDBACK:                                 0
  FILTER_RANGE:                                 1
  EXTERNAL_DIVIDE_FACTOR:                       NONE
  TEST Mode:                                    0

OSC Summary
-----------

OSC 1:                                 Pin/Node Value
  OSC Instance Name:                            nesblock/instanceosc
  Power UP:                            NODE     RGB_pad[3].vcc
  Enable Signal:                       NODE     RGB_pad[3].vcc
  OSC Output:                          NODE     nesblock.clk
  DIV Setting:                                  00

ASIC Components
---------------

Instance Name: thirdblock/fruit_3/orange/get_col_3_0__I_0_4
         Type: EBR
Instance Name: thirdblock/fruit_3/orange/get_col_3_0__I_0
         Type: EBR
Instance Name: thirdblock/fruit_3/grapefruit/get_col_3_0__I_0_2
         Type: EBR
Instance Name: thirdblock/fruit_3/grapefruit/get_col_3_0__I_0_3
         Type: EBR
Instance Name: thirdblock/fruit_3/cherry/get_row_3_0__I_0_4
         Type: EBR
Instance Name: thirdblock/fruit_3/cherry/get_row_3_0__I_0
         Type: EBR
Instance Name: thirdblock/fruit_3/blueberry/get_row_3_0__I_0_2
         Type: EBR
Instance Name: thirdblock/fruit_3/blueberry/get_row_3_0__I_0_3
         Type: EBR
Instance Name: thirdblock/fruit_2/orange/get_col_2_0__I_0_4
         Type: EBR
Instance Name: thirdblock/fruit_2/orange/get_col_2_0__I_0
         Type: EBR

                                    Page 4





ASIC Components (cont)
----------------------
Instance Name: thirdblock/fruit_2/grapefruit/get_col_2_0__I_0_2
         Type: EBR
Instance Name: thirdblock/fruit_2/grapefruit/get_col_2_0__I_0_3
         Type: EBR
Instance Name: thirdblock/fruit_2/cherry/get_row_2_0__I_0_4
         Type: EBR
Instance Name: thirdblock/fruit_2/cherry/get_row_2_0__I_0
         Type: EBR
Instance Name: thirdblock/fruit_2/blueberry/get_row_2_0__I_0_3
         Type: EBR
Instance Name: thirdblock/fruit_2/blueberry/get_row_2_0__I_0_2
         Type: EBR
Instance Name: thirdblock/fruit_1/cherry/get_row_1_0__I_0
         Type: EBR
Instance Name: thirdblock/fruit_1/cherry/get_row_1_0__I_0_2
         Type: EBR
Instance Name: firstblock/lscc_pll_inst/u_PLL_B
         Type: PLL
Instance Name: nesblock/instanceshift/data_c_I_0
         Type: IOLOGIC
Instance Name: nesblock/instanceosc
         Type: HFOSC

Constraint Summary
------------------

   Total number of constraints: 21
   Total number of constraints dropped: 0

Run Time and Memory Usage
-------------------------

   Total CPU Time: 0 secs
   Total REAL Time: 0 secs
   Peak Memory Usage: 66 MB























                                    Page 5


Copyright (c) 1991-1994 by NeoCAD Inc. All rights reserved.
Copyright (c) 1995
     AT&T Corp.   All rights reserved.
Copyright (c) 1995-2001 Lucent
     Technologies Inc.  All rights reserved.
Copyright (c) 2001 Agere Systems
     All rights reserved.
Copyright (c) 2002-2023 Lattice Semiconductor
     Corporation,  All rights reserved.
