{
"Synplify Pro (R) Job Log" : {
	"Date" : "11:43:56    05-Dec-2024",
	"Working Directory" : "Z:/ES4/ES4-fruit-salad-game/impl_1",
	"Install" : "C:/lscc/radiant/2023.1/synpbase"
},
"hdl_info_gen" :{
   "Start Time" : "11:43:32",
   "Runtime" : "01s",
   "Executable Run Time" : "01s",
   "hdl_info_gen" : {
      "executable" : "bin64/c_vhdl.exe",
      "Run Directory" : "rev_1",
      "Run State" : "Complete",
      "Return Code" : "0",
      "Has Errors" : "no",
      "Run Start Time" : "11:43:32",
      "Run Time" : "01s",
      "Exe Run Time" : "01s",
      "Memory Usage" : "-",
      "Up-to-date (run skipped)" : "no"
   }
},
"impl_1" :{
   "Start Time" : "11:43:34",
   "Runtime" : "22s",
   "Executable Run Time" : "18s",
   "synthesis" : {
      "Start Time" : "11:43:34",
      "Runtime" : "22s",
      "Executable Run Time" : "18s",
      "compile" : {
         "Start Time" : "11:43:34",
         "Runtime" : "12s",
         "Executable Run Time" : "09s",
         "compile_flow" : {
            "Start Time" : "11:43:34",
            "Runtime" : "08s",
            "Executable Run Time" : "06s",
            "compiler" : {
               "executable" : "bin64/c_hdl.exe",
               "Run Directory" : "Z:/ES4/ES4-fruit-salad-game/impl_1",
               "Run State" : "Complete",
               "Return Code" : "0",
               "Has Errors" : "no",
               "Run Start Time" : "11:43:34",
               "Run Time" : "07s",
               "Exe Run Time" : "06s",
               "Memory Usage" : "-",
               "Up-to-date (run skipped)" : "no"
            },
            "multi_srs_gen" : {
               "executable" : "bin64/syn_nfilter.exe",
               "Run Directory" : "Z:/ES4/ES4-fruit-salad-game/impl_1",
               "Run State" : "Complete",
               "Return Code" : "0",
               "Has Errors" : "no",
               "Run Start Time" : "11:43:42",
               "Run Time" : "00s",
               "Exe Run Time" : "00s",
               "Memory Usage" : "-",
               "Up-to-date (run skipped)" : "no"
            }
         },
         "premap" : {
            "executable" : "bin64/m_generic.exe",
            "Run Directory" : "Z:/ES4/ES4-fruit-salad-game/impl_1",
            "Run State" : "Complete",
            "Return Code" : "1",
            "Has Errors" : "no",
            "Run Start Time" : "11:43:42",
            "Run Time" : "04s",
            "Exe Run Time" : "03s",
            "Memory Usage" : "-",
            "Up-to-date (run skipped)" : "no"
         }
      },
      "map" : {
         "Start Time" : "11:43:46",
         "Runtime" : "10s",
         "Executable Run Time" : "09s",
         "fpga_mapper" : {
            "executable" : "bin64/m_generic.exe",
            "Run Directory" : "Z:/ES4/ES4-fruit-salad-game/impl_1",
            "Run State" : "Complete",
            "Return Code" : "1",
            "Has Errors" : "no",
            "Run Start Time" : "11:43:46",
            "Run Time" : "10s",
            "Exe Run Time" : "09s",
            "Memory Usage" : "-",
            "Up-to-date (run skipped)" : "no"
         }
      }
   }
}
}